<component name="libraryTable">
  <library name="junit5-api-5.0.0-ALPHA">
    <CLASSES>
      <root url="jar://$PROJECT_DIR$/../Resources/junit5-api-5.0.0-ALPHA.jar!/" />
      <root url="jar://$PROJECT_DIR$/../Resources/spigot-api-1.13.2-R0.1-20181110.095212-28.jar!/" />
    </CLASSES>
    <JAVADOC />
    <SOURCES />
  </library>
</component>